# JRE version: Java(TM) SE Runtime Environment (8.0_241-b07) (build 1.8.0_241-b07)
# Java VM: Java HotSpot(TM) 64-Bit Server VM (25.241-b07 mixed mode windows-amd64 compressed oops)
Heap:
 PSYoungGen      total 276992K, used 6914K [0x00000000eb100000, 0x00000000fd880000, 0x0000000100000000)
  eden space 269824K, 0% used [0x00000000eb100000,0x00000000eb100000,0x00000000fb880000)
  from space 7168K, 96% used [0x00000000fbd00000,0x00000000fc3c0a60,0x00000000fc400000)
  to   space 16384K, 0% used [0x00000000fc880000,0x00000000fc880000,0x00000000fd880000)
 ParOldGen       total 44544K, used 31192K [0x00000000c1200000, 0x00000000c3d80000, 0x00000000eb100000)
  object space 44544K, 70% used [0x00000000c1200000,0x00000000c3076308,0x00000000c3d80000)
 Metaspace       used 54623K, capacity 58202K, committed 58328K, reserved 1099776K
  class space    used 7721K, capacity 8353K, committed 8448K, reserved 1048576K
GC Heap History (10 events):
Event: 4.019 GC heap after
Heap after GC invocations=11 (full 1):
 PSYoungGen      total 202752K, used 10209K [0x00000000eb100000, 0x00000000f8400000, 0x0000000100000000)
  eden space 192512K, 0% used [0x00000000eb100000,0x00000000eb100000,0x00000000f6d00000)
  from space 10240K, 99% used [0x00000000f7980000,0x00000000f83787f8,0x00000000f8380000)
  to   space 11776K, 0% used [0x00000000f6d00000,0x00000000f6d00000,0x00000000f7880000)
 ParOldGen       total 28672K, used 11079K [0x00000000c1200000, 0x00000000c2e00000, 0x00000000eb100000)
  object space 28672K, 38% used [0x00000000c1200000,0x00000000c1cd1f70,0x00000000c2e00000)
 Metaspace       used 31620K, capacity 33756K, committed 34048K, reserved 1079296K
  class space    used 4373K, capacity 4774K, committed 4864K, reserved 1048576K
}
Event: 4.183 GC heap before
{Heap before GC invocations=12 (full 1):
 PSYoungGen      total 202752K, used 38520K [0x00000000eb100000, 0x00000000f8400000, 0x0000000100000000)
  eden space 192512K, 14% used [0x00000000eb100000,0x00000000ecca5b68,0x00000000f6d00000)
  from space 10240K, 99% used [0x00000000f7980000,0x00000000f83787f8,0x00000000f8380000)
  to   space 11776K, 0% used [0x00000000f6d00000,0x00000000f6d00000,0x00000000f7880000)
 ParOldGen       total 28672K, used 11079K [0x00000000c1200000, 0x00000000c2e00000, 0x00000000eb100000)
  object space 28672K, 38% used [0x00000000c1200000,0x00000000c1cd1f70,0x00000000c2e00000)
 Metaspace       used 33266K, capacity 35346K, committed 35416K, reserved 1079296K
  class space    used 4569K, capacity 4955K, committed 4992K, reserved 1048576K
Event: 4.196 GC heap after
Heap after GC invocations=12 (full 1):
 PSYoungGen      total 204288K, used 1918K [0x00000000eb100000, 0x00000000fde00000, 0x0000000100000000)
  eden space 192512K, 0% used [0x00000000eb100000,0x00000000eb100000,0x00000000f6d00000)
  from space 11776K, 16% used [0x00000000f6d00000,0x00000000f6edf8d0,0x00000000f7880000)
  to   space 11776K, 0% used [0x00000000fd280000,0x00000000fd280000,0x00000000fde00000)
 ParOldGen       total 28672K, used 18056K [0x00000000c1200000, 0x00000000c2e00000, 0x00000000eb100000)
  object space 28672K, 62% used [0x00000000c1200000,0x00000000c23a23b8,0x00000000c2e00000)
 Metaspace       used 33266K, capacity 35346K, committed 35416K, reserved 1079296K
  class space    used 4569K, capacity 4955K, committed 4992K, reserved 1048576K
}
Event: 4.196 GC heap before
{Heap before GC invocations=13 (full 2):
 PSYoungGen      total 204288K, used 1918K [0x00000000eb100000, 0x00000000fde00000, 0x0000000100000000)
  eden space 192512K, 0% used [0x00000000eb100000,0x00000000eb100000,0x00000000f6d00000)
  from space 11776K, 16% used [0x00000000f6d00000,0x00000000f6edf8d0,0x00000000f7880000)
  to   space 11776K, 0% used [0x00000000fd280000,0x00000000fd280000,0x00000000fde00000)
 ParOldGen       total 28672K, used 18056K [0x00000000c1200000, 0x00000000c2e00000, 0x00000000eb100000)
  object space 28672K, 62% used [0x00000000c1200000,0x00000000c23a23b8,0x00000000c2e00000)
 Metaspace       used 33266K, capacity 35346K, committed 35416K, reserved 1079296K
  class space    used 4569K, capacity 4955K, committed 4992K, reserved 1048576K
Event: 4.269 GC heap after
Heap after GC invocations=13 (full 2):
 PSYoungGen      total 204288K, used 0K [0x00000000eb100000, 0x00000000fde00000, 0x0000000100000000)
  eden space 192512K, 0% used [0x00000000eb100000,0x00000000eb100000,0x00000000f6d00000)
  from space 11776K, 0% used [0x00000000f6d00000,0x00000000f6d00000,0x00000000f7880000)
  to   space 11776K, 0% used [0x00000000fd280000,0x00000000fd280000,0x00000000fde00000)
 ParOldGen       total 44544K, used 13661K [0x00000000c1200000, 0x00000000c3d80000, 0x00000000eb100000)
  object space 44544K, 30% used [0x00000000c1200000,0x00000000c1f576f8,0x00000000c3d80000)
 Metaspace       used 33266K, capacity 35346K, committed 35416K, reserved 1079296K
  class space    used 4569K, capacity 4955K, committed 4992K, reserved 1048576K
}
Event: 6.042 GC heap before
{Heap before GC invocations=14 (full 2):
 PSYoungGen      total 204288K, used 192512K [0x00000000eb100000, 0x00000000fde00000, 0x0000000100000000)
  eden space 192512K, 100% used [0x00000000eb100000,0x00000000f6d00000,0x00000000f6d00000)
  from space 11776K, 0% used [0x00000000f6d00000,0x00000000f6d00000,0x00000000f7880000)
  to   space 11776K, 0% used [0x00000000fd280000,0x00000000fd280000,0x00000000fde00000)
 ParOldGen       total 44544K, used 13661K [0x00000000c1200000, 0x00000000c3d80000, 0x00000000eb100000)
  object space 44544K, 30% used [0x00000000c1200000,0x00000000c1f576f8,0x00000000c3d80000)
 Metaspace       used 50573K, capacity 53772K, committed 54104K, reserved 1095680K
  class space    used 7137K, capacity 7712K, committed 7808K, reserved 1048576K
Event: 6.064 GC heap after
Heap after GC invocations=14 (full 2):
 PSYoungGen      total 281600K, used 11765K [0x00000000eb100000, 0x00000000fde00000, 0x0000000100000000)
  eden space 269824K, 0% used [0x00000000eb100000,0x00000000eb100000,0x00000000fb880000)
  from space 11776K, 99% used [0x00000000fd280000,0x00000000fddfd650,0x00000000fde00000)
  to   space 16896K, 0% used [0x00000000fbd00000,0x00000000fbd00000,0x00000000fcd80000)
 ParOldGen       total 44544K, used 23609K [0x00000000c1200000, 0x00000000c3d80000, 0x00000000eb100000)
  object space 44544K, 53% used [0x00000000c1200000,0x00000000c290e6d8,0x00000000c3d80000)
 Metaspace       used 50573K, capacity 53772K, committed 54104K, reserved 1095680K
  class space    used 7137K, capacity 7712K, committed 7808K, reserved 1048576K
}
Event: 3804.097 GC heap before
{Heap before GC invocations=15 (full 2):
 PSYoungGen      total 281600K, used 237267K [0x00000000eb100000, 0x00000000fde00000, 0x0000000100000000)
  eden space 269824K, 83% used [0x00000000eb100000,0x00000000f8d37838,0x00000000fb880000)
  from space 11776K, 99% used [0x00000000fd280000,0x00000000fddfd650,0x00000000fde00000)
  to   space 16896K, 0% used [0x00000000fbd00000,0x00000000fbd00000,0x00000000fcd80000)
 ParOldGen       total 44544K, used 23609K [0x00000000c1200000, 0x00000000c3d80000, 0x00000000eb100000)
  object space 44544K, 53% used [0x00000000c1200000,0x00000000c290e6d8,0x00000000c3d80000)
 Metaspace       used 54623K, capacity 58202K, committed 58328K, reserved 1099776K
  class space    used 7721K, capacity 8353K, committed 8448K, reserved 1048576K
Event: 3804.674 GC heap after
Heap after GC invocations=15 (full 2):
 PSYoungGen      total 276992K, used 6914K [0x00000000eb100000, 0x00000000fd880000, 0x0000000100000000)
  eden space 269824K, 0% used [0x00000000eb100000,0x00000000eb100000,0x00000000fb880000)
  from space 7168K, 96% used [0x00000000fbd00000,0x00000000fc3c0a60,0x00000000fc400000)
  to   space 16384K, 0% used [0x00000000fc880000,0x00000000fc880000,0x00000000fd880000)
 ParOldGen       total 44544K, used 31192K [0x00000000c1200000, 0x00000000c3d80000, 0x00000000eb100000)
  object space 44544K, 70% used [0x00000000c1200000,0x00000000c3076308,0x00000000c3d80000)
 Metaspace       used 54623K, capacity 58202K, committed 58328K, reserved 1099776K
  class space    used 7721K, capacity 8353K, committed 8448K, reserved 1048576K
}
Event: 3804.674 GC heap before
{Heap before GC invocations=16 (full 3):
 PSYoungGen      total 276992K, used 6914K [0x00000000eb100000, 0x00000000fd880000, 0x0000000100000000)
  eden space 269824K, 0% used [0x00000000eb100000,0x00000000eb100000,0x00000000fb880000)
  from space 7168K, 96% used [0x00000000fbd00000,0x00000000fc3c0a60,0x00000000fc400000)
  to   space 16384K, 0% used [0x00000000fc880000,0x00000000fc880000,0x00000000fd880000)
 ParOldGen       total 44544K, used 31192K [0x00000000c1200000, 0x00000000c3d80000, 0x00000000eb100000)
  object space 44544K, 70% used [0x00000000c1200000,0x00000000c3076308,0x00000000c3d80000)
 Metaspace       used 54623K, capacity 58202K, committed 58328K, reserved 1099776K
  class space    used 7721K, capacity 8353K, committed 8448K, reserved 1048576K

